<?xml version="1.0" encoding="UTF-8"?>
<!-- Generated by org.testng.reporters.JUnitReportReporter -->
<testsuite hostname="DESKTOP-DO4RSNU" failures="0" tests="2" name="caw.studios.testcases.web.LaunchWebSitePageTest" time="7.464" errors="0" timestamp="2023-12-28T13:06:12 IST" skipped="0">
  <testcase classname="caw.studios.testcases.web.LaunchWebSitePageTest" name="launchWebSiteFunctionalityCheck" time="3.566"/>
  <system-out/>
  <testcase classname="caw.studios.testcases.web.LaunchWebSitePageTest" name="launchWebSiteFunctionalityCheck" time="3.898"/>
  <system-out/>
</testsuite> <!-- caw.studios.testcases.web.LaunchWebSitePageTest -->
