<?xml version="1.0" encoding="UTF-8"?>
<!-- Generated by org.testng.reporters.JUnitReportReporter -->
<testsuite hostname="DESKTOP-DO4RSNU" failures="0" tests="2"
	name="caw.studios.testcases.web.LaunchWebSitePageTest" time="2.680"
	errors="0" timestamp="2023-12-28T15:12:12 IST" skipped="0">
	<testcase
		classname="caw.studios.testcases.web.LaunchWebSitePageTest"
		name="launchWebSiteFunctionalityCheck" time="1.381" />
	<system-out />
	<testcase
		classname="caw.studios.testcases.web.LaunchWebSitePageTest"
		name="launchWebSiteFunctionalityCheck" time="1.299" />
	<system-out />
</testsuite> <!-- caw.studios.testcases.web.LaunchWebSitePageTest -->
