<?xml version="1.0" encoding="UTF-8"?>
<!-- Generated by org.testng.reporters.JUnitReportReporter -->
<testsuite hostname="DESKTOP-DO4RSNU" failures="0" tests="1"
	name="caw.studios.resources.LaunchWebsitePageTestResources"
	time="0.026" errors="0" timestamp="2023-12-27T19:22:59 IST" skipped="0">
	<testcase
		classname="caw.studios.resources.LaunchWebsitePageTestResources"
		name="test" time="0.026" />
	<system-out />
</testsuite> <!-- caw.studios.resources.LaunchWebsitePageTestResources -->
