<?xml version="1.0" encoding="UTF-8"?>
<!-- Generated by org.testng.reporters.JUnitReportReporter -->
<testsuite hostname="DESKTOP-DO4RSNU" failures="0" tests="2"
	name="caw.studios.testcases.web.DynamicHTMLTablePageTest" time="5.358"
	errors="0" timestamp="2023-12-28T15:12:12 IST" skipped="0">
	<testcase
		classname="caw.studios.testcases.web.DynamicHTMLTablePageTest"
		name="inputDataFunctionalityCheck" time="2.679" />
	<system-out />
	<testcase
		classname="caw.studios.testcases.web.DynamicHTMLTablePageTest"
		name="inputDataFunctionalityCheck" time="2.679" />
	<system-out />
</testsuite> <!-- caw.studios.testcases.web.DynamicHTMLTablePageTest -->
