<?xml version="1.0" encoding="UTF-8"?>
<!-- Generated by org.testng.reporters.JUnitReportReporter -->
<testsuite hostname="DESKTOP-DO4RSNU" failures="0" tests="2" name="caw.studios.testcases.web.LaunchWebSitePageTest" time="7.024" errors="0" timestamp="2023-12-28T14:50:28 IST" skipped="0">
  <testcase classname="caw.studios.testcases.web.LaunchWebSitePageTest" name="launchWebSiteFunctionalityCheck" time="3.956"/>
  <system-out/>
  <testcase classname="caw.studios.testcases.web.LaunchWebSitePageTest" name="launchWebSiteFunctionalityCheck" time="3.068"/>
  <system-out/>
</testsuite> <!-- caw.studios.testcases.web.LaunchWebSitePageTest -->
