<?xml version="1.0" encoding="UTF-8"?>
<!-- Generated by org.testng.reporters.JUnitReportReporter -->
<testsuite hostname="DESKTOP-DO4RSNU" failures="0" tests="2" name="caw.studios.testcases.web.DynamicHTMLTablePageTest" time="5.438" errors="0" timestamp="2023-12-28T13:26:02 IST" skipped="0">
  <testcase classname="caw.studios.testcases.web.DynamicHTMLTablePageTest" name="inputDataFunctionalityCheck" time="2.567"/>
  <system-out/>
  <testcase classname="caw.studios.testcases.web.DynamicHTMLTablePageTest" name="inputDataFunctionalityCheck" time="2.871"/>
  <system-out/>
</testsuite> <!-- caw.studios.testcases.web.DynamicHTMLTablePageTest -->
