<?xml version="1.0" encoding="UTF-8"?>
<!-- Generated by org.testng.reporters.JUnitReportReporter -->
<testsuite hostname="DESKTOP-DO4RSNU" failures="0" tests="1"
	name="caw.studios.resources.InputDataResources" time="0.028" errors="0"
	timestamp="2023-12-27T23:08:46 IST" skipped="0">
	<testcase classname="caw.studios.resources.InputDataResources"
		name="abc" time="0.028" />
	<system-out />
</testsuite> <!-- caw.studios.resources.InputDataResources -->
